<?xml version="1.0" encoding="UTF-8"?>
<testsuite xmlns:xsi="http://www.w3.org/2001/XMLSchema-instance" xsi:noNamespaceSchemaLocation="https://maven.apache.org/surefire/maven-surefire-plugin/xsd/surefire-test-report.xsd" name="TestSuite" time="38.166" tests="15" errors="0" skipped="0" failures="3">
  <properties>
[...]
</properties>
  <testcase name="isPageLoadedTest" classname="com.emirates.project.test.HomePageTest" time="0.118"/>
  <testcase name="clickChromeIconTest" classname="com.emirates.project.test.HomePageTest" time="0.3"/>
  <testcase name="isPageUnloadedTest" classname="com.emirates.project.test.HomePageTest" time="2.658"/>
  <testcase name="isPageLoadedTest" classname="com.emirates.project.test.CarSelectionPageTest" time="0.215"/>
  <testcase name="enterUserNameTest" classname="com.emirates.project.test.CarSelectionPageTest" time="10.641"/>
  <testcase name="performCarSelectionTest" classname="com.emirates.project.test.CarSelectionPageTest" time="2.407"/>
  <testcase name="clickSendNameButtonTest" classname="com.emirates.project.test.CarSelectionPageTest" time="0.305"/>
  <testcase name="isUserDataShownTest" classname="com.emirates.project.test.CarSelectionPageTest" time="0.917"/>
  <testcase name="isPageUnloadedTest" classname="com.emirates.project.test.CarSelectionPageTest" time="0.092"/>
  <testcase name="returnToHomePageTest" classname="com.emirates.project.test.PopUpPageTest" time="1.185"/>
  <testcase name="isPageLoadedTest" classname="com.emirates.project.test.PopUpPageTest" time="0.034"/>
  <testcase name="getPopUpWindowTextTest" classname="com.emirates.project.test.PopUpPageTest" time="3.192">
    <failure message="Index: 0, Size: 0" type="java.lang.IndexOutOfBoundsException">java.lang.IndexOutOfBoundsException: Index: 0, Size: 0
	at com.emirates.project.test.PopUpPageTest.getPopUpWindowTextTest(PopUpPageTest.java:41)
</failure>
  </testcase>
  <testcase name="dismissPopUpWindowTest" classname="com.emirates.project.test.PopUpPageTest" time="3.059">
    <failure type="java.lang.NullPointerException">java.lang.NullPointerException
	at com.emirates.project.test.PopUpPageTest.dismissPopUpWindowTest(PopUpPageTest.java:48)
</failure>
    <system-out><![CDATA[Item was not found!
]]></system-out>
  </testcase>
  <testcase name="clickThrowExceptionButton" classname="com.emirates.project.test.PopUpPageTest" time="1.614">
    <failure message="Expected to faild. Exception thrown by clicking the exception button! expected [true] but found [false]" type="java.lang.AssertionError">java.lang.AssertionError: Expected to faild. Exception thrown by clicking the exception button! expected [true] but found [false]
	at com.emirates.project.test.PopUpPageTest.clickThrowExceptionButton(PopUpPageTest.java:55)
</failure>
  </testcase>
  <testcase name="isPageUnloadedTest" classname="com.emirates.project.test.PopUpPageTest" time="0.001"/>
</testsuite>